{"total": {"lines":{"total":575,"covered":130,"skipped":0,"pct":22.6},"statements":{"total":741,"covered":133,"skipped":0,"pct":17.94},"functions":{"total":120,"covered":9,"skipped":0,"pct":7.5},"branches":{"total":405,"covered":49,"skipped":0,"pct":12.09},"branchesTrue":{"total":0,"covered":0,"skipped":0,"pct":"Unknown"}}
,"/Users/mateusz/Desktop/ECE_461/phase2/project-phase2-Mateusz/calculations.js": {"lines":{"total":104,"covered":43,"skipped":0,"pct":41.34},"functions":{"total":24,"covered":6,"skipped":0,"pct":25},"statements":{"total":141,"covered":43,"skipped":0,"pct":30.49},"branches":{"total":91,"covered":21,"skipped":0,"pct":23.07}}
,"/Users/mateusz/Desktop/ECE_461/phase2/project-phase2-Mateusz/fetch.js": {"lines":{"total":198,"covered":23,"skipped":0,"pct":11.61},"functions":{"total":49,"covered":0,"skipped":0,"pct":0},"statements":{"total":237,"covered":23,"skipped":0,"pct":9.7},"branches":{"total":114,"covered":6,"skipped":0,"pct":5.26}}
,"/Users/mateusz/Desktop/ECE_461/phase2/project-phase2-Mateusz/fileio.js": {"lines":{"total":65,"covered":37,"skipped":0,"pct":56.92},"functions":{"total":6,"covered":3,"skipped":0,"pct":50},"statements":{"total":71,"covered":40,"skipped":0,"pct":56.33},"branches":{"total":10,"covered":8,"skipped":0,"pct":80}}
,"/Users/mateusz/Desktop/ECE_461/phase2/project-phase2-Mateusz/github-readme-extractor.js": {"lines":{"total":125,"covered":9,"skipped":0,"pct":7.2},"functions":{"total":24,"covered":0,"skipped":0,"pct":0},"statements":{"total":169,"covered":9,"skipped":0,"pct":5.32},"branches":{"total":103,"covered":6,"skipped":0,"pct":5.82}}
,"/Users/mateusz/Desktop/ECE_461/phase2/project-phase2-Mateusz/logging_cfg.js": {"lines":{"total":16,"covered":10,"skipped":0,"pct":62.5},"functions":{"total":1,"covered":0,"skipped":0,"pct":0},"statements":{"total":18,"covered":10,"skipped":0,"pct":55.55},"branches":{"total":4,"covered":2,"skipped":0,"pct":50}}
,"/Users/mateusz/Desktop/ECE_461/phase2/project-phase2-Mateusz/server.js": {"lines":{"total":67,"covered":8,"skipped":0,"pct":11.94},"functions":{"total":16,"covered":0,"skipped":0,"pct":0},"statements":{"total":105,"covered":8,"skipped":0,"pct":7.61},"branches":{"total":83,"covered":6,"skipped":0,"pct":7.22}}
}
